<?xml version="1.0" encoding="UTF-8"?>
<!-- Generated by org.testng.reporters.JUnitXMLReporter -->
<testsuite hostname="DESKTOP-KBVJ1V7" ignored="0" name="Surefire test" tests="10" failures="1" timestamp="02 Nov 2019 20:57:00 GMT" time="0.046" errors="0">
  <testcase name="Test1" time="0.0" classname="com.testing.Testing1"/>
  <testcase name="Test2" time="0.0" classname="com.testing.Testing1"/>
  <testcase name="Test3" time="0.0" classname="com.testing.Testing1"/>
  <testcase name="f" time="0.0" classname="com.testing.Testing1"/>
  <testcase name="f" time="0.0" classname="com.testing.Testing1"/>
  <testcase name="Test4" time="0.001" classname="com.testing.Testing2"/>
  <testcase name="Test5" time="0.0" classname="com.testing.Testing2"/>
  <testcase name="homeTest" time="0.003" classname="com.testing.Testing3"/>
  <testcase name="mainTest" time="0.0" classname="com.testing.Testing3">
    <failure type="java.lang.AssertionError" message="Verification Element expected [true] but found [false]">
      <![CDATA[java.lang.AssertionError: Verification Element expected [true] but found [false]
at com.testing.Testing3.mainTest(Testing3.java:26)
... Removed 33 stack frames]]>
    </failure>
  </testcase> <!-- mainTest -->
  <testcase name="endTest" time="0.0" classname="com.testing.Testing3">
    <skipped/>
  </testcase> <!-- endTest -->
</testsuite> <!-- Surefire test -->
